%!Adobe-FontList 1.19
%Locale:0x409

%BeginFont
Handler:DirectoryHandler
FontType:TrueType
FontName:Avenir-Book
FamilyName:Avenir
StyleName:Book
MenuName:Avenir Book
StyleBits:0
WeightClass:400
WidthClass:5
AngleClass:0
FullName:Avenir Book
WritingScript:Roman
OutlineFileName:\Avenir.ttc
TTCOffset:72
DataFormat:sfntData
hasSVG:no
VariableFontType:NonVariableFont
FileLength:1639536
FileModTime:1510111968
NameArray:0,Mac,18,Avenir Book
NameArray:0,Mac,4,Avenir Book
NameArray:0,Win,1,Avenir Book
NameArray:0,Win,16,Avenir
%EndFont

%BeginFont
Handler:DirectoryHandler
FontType:TrueType
FontName:Avenir-BookOblique
FamilyName:Avenir
StyleName:Book Oblique
MenuName:Avenir Book
StyleBits:1
WeightClass:400
WidthClass:5
AngleClass:1
FullName:Avenir Book Oblique
WritingScript:Roman
OutlineFileName:\Avenir.ttc
TTCOffset:388
DataFormat:sfntData
hasSVG:no
VariableFontType:NonVariableFont
FileLength:1639536
FileModTime:1510111968
NameArray:0,Mac,18,Avenir Book Oblique
NameArray:0,Mac,4,Avenir Book Oblique
NameArray:0,Win,1,Avenir Book
NameArray:0,Win,16,Avenir
%EndFont

%BeginFont
Handler:DirectoryHandler
FontType:TrueType
FontName:Avenir-Black
FamilyName:Avenir
StyleName:Black
MenuName:Avenir Black
StyleBits:2
WeightClass:800
WidthClass:5
AngleClass:0
FullName:Avenir Black
WritingScript:Roman
OutlineFileName:\Avenir.ttc
TTCOffset:704
DataFormat:sfntData
hasSVG:no
VariableFontType:NonVariableFont
FileLength:1639536
FileModTime:1510111968
NameArray:0,Mac,18,Avenir Black
NameArray:0,Mac,4,Avenir Black
NameArray:0,Win,1,Avenir Black
NameArray:0,Win,16,Avenir
%EndFont

%BeginFont
Handler:DirectoryHandler
FontType:TrueType
FontName:Avenir-BlackOblique
FamilyName:Avenir
StyleName:Black Oblique
MenuName:Avenir Black Oblique
StyleBits:3
WeightClass:800
WidthClass:5
AngleClass:1
FullName:Avenir Black Oblique
WritingScript:Roman
OutlineFileName:\Avenir.ttc
TTCOffset:1004
DataFormat:sfntData
hasSVG:no
VariableFontType:NonVariableFont
FileLength:1639536
FileModTime:1510111968
NameArray:0,Mac,18,Avenir Black Oblique
NameArray:0,Mac,4,Avenir Black Oblique
NameArray:0,Win,1,Avenir Black Oblique
NameArray:0,Win,16,Avenir
%EndFont

%BeginFont
Handler:DirectoryHandler
FontType:TrueType
FontName:Avenir-Heavy
FamilyName:Avenir
StyleName:Heavy
MenuName:Avenir Heavy
StyleBits:2
WeightClass:900
WidthClass:5
AngleClass:0
FullName:Avenir Heavy
WritingScript:Roman
OutlineFileName:\Avenir.ttc
TTCOffset:1304
DataFormat:sfntData
hasSVG:no
VariableFontType:NonVariableFont
FileLength:1639536
FileModTime:1510111968
NameArray:0,Mac,18,Avenir Heavy
NameArray:0,Mac,4,Avenir Heavy
NameArray:0,Win,1,Avenir Heavy
NameArray:0,Win,16,Avenir
%EndFont

%BeginFont
Handler:DirectoryHandler
FontType:TrueType
FontName:Avenir-HeavyOblique
FamilyName:Avenir
StyleName:Heavy Oblique
MenuName:Avenir Heavy
StyleBits:3
WeightClass:900
WidthClass:5
AngleClass:1
FullName:Avenir Heavy Oblique
WritingScript:Roman
OutlineFileName:\Avenir.ttc
TTCOffset:1588
DataFormat:sfntData
hasSVG:no
VariableFontType:NonVariableFont
FileLength:1639536
FileModTime:1510111968
NameArray:0,Mac,18,Avenir Heavy Oblique
NameArray:0,Mac,4,Avenir Heavy Oblique
NameArray:0,Win,1,Avenir Heavy
NameArray:0,Win,16,Avenir
%EndFont

%BeginFont
Handler:DirectoryHandler
FontType:TrueType
FontName:Avenir-Light
FamilyName:Avenir
StyleName:Light
MenuName:Avenir Light
StyleBits:0
WeightClass:300
WidthClass:5
AngleClass:0
FullName:Avenir Light
WritingScript:Roman
OutlineFileName:\Avenir.ttc
TTCOffset:1904
DataFormat:sfntData
hasSVG:no
VariableFontType:NonVariableFont
FileLength:1639536
FileModTime:1510111968
NameArray:0,Mac,18,Avenir Light
NameArray:0,Mac,4,Avenir Light
NameArray:0,Win,1,Avenir Light
NameArray:0,Win,16,Avenir
%EndFont

%BeginFont
Handler:DirectoryHandler
FontType:TrueType
FontName:Avenir-LightOblique
FamilyName:Avenir
StyleName:Light Oblique
MenuName:Avenir Light
StyleBits:1
WeightClass:300
WidthClass:5
AngleClass:1
FullName:Avenir Light Oblique
WritingScript:Roman
OutlineFileName:\Avenir.ttc
TTCOffset:2220
DataFormat:sfntData
hasSVG:no
VariableFontType:NonVariableFont
FileLength:1639536
FileModTime:1510111968
NameArray:0,Mac,18,Avenir Light Oblique
NameArray:0,Mac,4,Avenir Light Oblique
NameArray:0,Win,1,Avenir Light
NameArray:0,Win,16,Avenir
%EndFont

%BeginFont
Handler:DirectoryHandler
FontType:TrueType
FontName:Avenir-Medium
FamilyName:Avenir
StyleName:Medium
MenuName:Avenir Medium
StyleBits:0
WeightClass:500
WidthClass:5
AngleClass:0
FullName:Avenir Medium
WritingScript:Roman
OutlineFileName:\Avenir.ttc
TTCOffset:2536
DataFormat:sfntData
hasSVG:no
VariableFontType:NonVariableFont
FileLength:1639536
FileModTime:1510111968
NameArray:0,Mac,18,Avenir Medium
NameArray:0,Mac,4,Avenir Medium
NameArray:0,Win,1,Avenir Medium
NameArray:0,Win,16,Avenir
%EndFont

%BeginFont
Handler:DirectoryHandler
FontType:TrueType
FontName:Avenir-MediumOblique
FamilyName:Avenir
StyleName:Medium Oblique
MenuName:Avenir Medium
StyleBits:1
WeightClass:500
WidthClass:5
AngleClass:1
FullName:Avenir Medium Oblique
WritingScript:Roman
OutlineFileName:\Avenir.ttc
TTCOffset:2836
DataFormat:sfntData
hasSVG:no
VariableFontType:NonVariableFont
FileLength:1639536
FileModTime:1510111968
NameArray:0,Mac,18,Avenir Medium Oblique
NameArray:0,Mac,4,Avenir Medium Oblique
NameArray:0,Win,1,Avenir Medium
NameArray:0,Win,16,Avenir
%EndFont

%BeginFont
Handler:DirectoryHandler
FontType:TrueType
FontName:Avenir-Oblique
FamilyName:Avenir
StyleName:Oblique
MenuName:Avenir
StyleBits:1
WeightClass:400
WidthClass:5
AngleClass:1
FullName:Avenir Oblique
WritingScript:Roman
OutlineFileName:\Avenir.ttc
TTCOffset:3152
DataFormat:sfntData
hasSVG:no
VariableFontType:NonVariableFont
FileLength:1639536
FileModTime:1510111968
NameArray:0,Mac,18,Avenir Oblique
NameArray:0,Mac,4,Avenir Oblique
NameArray:0,Win,1,Avenir
NameArray:0,Win,16,Avenir
%EndFont

%BeginFont
Handler:DirectoryHandler
FontType:TrueType
FontName:Avenir-Roman
FamilyName:Avenir
StyleName:Roman
MenuName:Avenir
StyleBits:0
WeightClass:400
WidthClass:5
AngleClass:0
FullName:Avenir Roman
WritingScript:Roman
OutlineFileName:\Avenir.ttc
TTCOffset:3468
DataFormat:sfntData
hasSVG:no
VariableFontType:NonVariableFont
FileLength:1639536
FileModTime:1510111968
NameArray:0,Mac,18,Avenir Roman
NameArray:0,Mac,4,Avenir Roman
NameArray:0,Win,1,Avenir
NameArray:0,Win,16,Avenir
%EndFont

%BeginFont
Handler:DirectoryHandler
FontType:Suitcase
FontName:Futura-Light
OutlineFileName:\Futura
ResourceID:14872
MacStyle:0
FileLength:221371
FileModTime:1159364802
%EndFont

%BeginFont
Handler:DirectoryHandler
FontType:Suitcase
FontName:Futura-LightOblique
OutlineFileName:\Futura
ResourceID:14872
MacStyle:2
FileLength:221371
FileModTime:1159364802
%EndFont

%BeginFont
Handler:DirectoryHandler
FontType:Suitcase
FontName:Futura-LightOblique
OutlineFileName:\Futura
ResourceID:14871
MacStyle:0
FileLength:221371
FileModTime:1159364802
%EndFont

%BeginFont
Handler:DirectoryHandler
FontType:Suitcase
FontName:Futura-Book
OutlineFileName:\Futura
ResourceID:14870
MacStyle:0
FileLength:221371
FileModTime:1159364802
%EndFont

%BeginFont
Handler:DirectoryHandler
FontType:Suitcase
FontName:Futura-Bold
OutlineFileName:\Futura
ResourceID:14870
MacStyle:1
FileLength:221371
FileModTime:1159364802
%EndFont

%BeginFont
Handler:DirectoryHandler
FontType:Suitcase
FontName:Futura-BookOblique
OutlineFileName:\Futura
ResourceID:14870
MacStyle:2
FileLength:221371
FileModTime:1159364802
%EndFont

%BeginFont
Handler:DirectoryHandler
FontType:Suitcase
FontName:Futura-BoldOblique
OutlineFileName:\Futura
ResourceID:14870
MacStyle:3
FileLength:221371
FileModTime:1159364802
%EndFont

%BeginFont
Handler:DirectoryHandler
FontType:Suitcase
FontName:Futura-Bold
OutlineFileName:\Futura
ResourceID:14868
MacStyle:0
FileLength:221371
FileModTime:1159364802
%EndFont

%BeginFont
Handler:DirectoryHandler
FontType:Suitcase
FontName:Futura-BoldOblique
OutlineFileName:\Futura
ResourceID:14868
MacStyle:2
FileLength:221371
FileModTime:1159364802
%EndFont

%BeginFont
Handler:DirectoryHandler
FontType:Suitcase
FontName:Futura-BookOblique
OutlineFileName:\Futura
ResourceID:14869
MacStyle:0
FileLength:221371
FileModTime:1159364802
%EndFont

%BeginFont
Handler:DirectoryHandler
FontType:Suitcase
FontName:Futura-BoldOblique
OutlineFileName:\Futura
ResourceID:14869
MacStyle:1
FileLength:221371
FileModTime:1159364802
%EndFont

%BeginFont
Handler:DirectoryHandler
FontType:Suitcase
FontName:Futura-BoldOblique
OutlineFileName:\Futura
ResourceID:14867
MacStyle:0
FileLength:221371
FileModTime:1159364802
%EndFont

%BeginFont
Handler:DirectoryHandler
FontType:Suitcase
FontName:Futura-ExtraBold
OutlineFileName:\Futura
ResourceID:14832
MacStyle:0
FileLength:221371
FileModTime:1159364802
%EndFont

%BeginFont
Handler:DirectoryHandler
FontType:Suitcase
FontName:Futura-ExtraBoldOblique
OutlineFileName:\Futura
ResourceID:14832
MacStyle:2
FileLength:221371
FileModTime:1159364802
%EndFont

%BeginFont
Handler:DirectoryHandler
FontType:Suitcase
FontName:Futura-ExtraBoldOblique
OutlineFileName:\Futura
ResourceID:14831
MacStyle:0
FileLength:221371
FileModTime:1159364802
%EndFont

%BeginFont
Handler:DirectoryHandler
FontType:Suitcase
FontName:Futura
OutlineFileName:\Futura
ResourceID:14836
MacStyle:0
FileLength:221371
FileModTime:1159364802
%EndFont

%BeginFont
Handler:DirectoryHandler
FontType:Suitcase
FontName:Futura-Heavy
OutlineFileName:\Futura
ResourceID:14836
MacStyle:1
FileLength:221371
FileModTime:1159364802
%EndFont

%BeginFont
Handler:DirectoryHandler
FontType:Suitcase
FontName:Futura-Oblique
OutlineFileName:\Futura
ResourceID:14836
MacStyle:2
FileLength:221371
FileModTime:1159364802
%EndFont

%BeginFont
Handler:DirectoryHandler
FontType:Suitcase
FontName:Futura-HeavyOblique
OutlineFileName:\Futura
ResourceID:14836
MacStyle:3
FileLength:221371
FileModTime:1159364802
%EndFont

%BeginFont
Handler:DirectoryHandler
FontType:Suitcase
FontName:Futura-Heavy
OutlineFileName:\Futura
ResourceID:14834
MacStyle:0
FileLength:221371
FileModTime:1159364802
%EndFont

%BeginFont
Handler:DirectoryHandler
FontType:Suitcase
FontName:Futura-HeavyOblique
OutlineFileName:\Futura
ResourceID:14834
MacStyle:2
FileLength:221371
FileModTime:1159364802
%EndFont

%BeginFont
Handler:DirectoryHandler
FontType:Suitcase
FontName:Futura-Oblique
OutlineFileName:\Futura
ResourceID:14835
MacStyle:0
FileLength:221371
FileModTime:1159364802
%EndFont

%BeginFont
Handler:DirectoryHandler
FontType:Suitcase
FontName:Futura-HeavyOblique
OutlineFileName:\Futura
ResourceID:14835
MacStyle:1
FileLength:221371
FileModTime:1159364802
%EndFont

%BeginFont
Handler:DirectoryHandler
FontType:Suitcase
FontName:Futura-HeavyOblique
OutlineFileName:\Futura
ResourceID:14833
MacStyle:0
FileLength:221371
FileModTime:1159364802
%EndFont

%BeginFont
Handler:DirectoryHandler
FontType:Suitcase
FontName:Futura-Condensed
OutlineFileName:\Futura
ResourceID:14828
MacStyle:0
FileLength:221371
FileModTime:1159364802
%EndFont

%BeginFont
Handler:DirectoryHandler
FontType:Suitcase
FontName:Futura-CondensedBold
OutlineFileName:\Futura
ResourceID:14828
MacStyle:1
FileLength:221371
FileModTime:1159364802
%EndFont

%BeginFont
Handler:DirectoryHandler
FontType:Suitcase
FontName:Futura-CondensedOblique
OutlineFileName:\Futura
ResourceID:14828
MacStyle:2
FileLength:221371
FileModTime:1159364802
%EndFont

%BeginFont
Handler:DirectoryHandler
FontType:Suitcase
FontName:Futura-CondensedBoldOblique
OutlineFileName:\Futura
ResourceID:14828
MacStyle:3
FileLength:221371
FileModTime:1159364802
%EndFont

%BeginFont
Handler:DirectoryHandler
FontType:Suitcase
FontName:Futura-CondensedBold
OutlineFileName:\Futura
ResourceID:14826
MacStyle:0
FileLength:221371
FileModTime:1159364802
%EndFont

%BeginFont
Handler:DirectoryHandler
FontType:Suitcase
FontName:Futura-CondensedBoldOblique
OutlineFileName:\Futura
ResourceID:14826
MacStyle:2
FileLength:221371
FileModTime:1159364802
%EndFont

%BeginFont
Handler:DirectoryHandler
FontType:Suitcase
FontName:Futura-CondensedOblique
OutlineFileName:\Futura
ResourceID:14827
MacStyle:0
FileLength:221371
FileModTime:1159364802
%EndFont

%BeginFont
Handler:DirectoryHandler
FontType:Suitcase
FontName:Futura-CondensedBoldOblique
OutlineFileName:\Futura
ResourceID:14827
MacStyle:1
FileLength:221371
FileModTime:1159364802
%EndFont

%BeginFont
Handler:DirectoryHandler
FontType:Suitcase
FontName:Futura-CondensedBoldOblique
OutlineFileName:\Futura
ResourceID:14825
MacStyle:0
FileLength:221371
FileModTime:1159364802
%EndFont

%BeginFont
Handler:DirectoryHandler
FontType:Suitcase
FontName:Futura-CondensedExtraBold
OutlineFileName:\Futura
ResourceID:14824
MacStyle:0
FileLength:221371
FileModTime:1159364802
%EndFont

%BeginFont
Handler:DirectoryHandler
FontType:Suitcase
FontName:Futura-CondExtraBoldObl
OutlineFileName:\Futura
ResourceID:14824
MacStyle:2
FileLength:221371
FileModTime:1159364802
%EndFont

%BeginFont
Handler:DirectoryHandler
FontType:Suitcase
FontName:Futura-CondensedLight
OutlineFileName:\Futura
ResourceID:14830
MacStyle:0
FileLength:221371
FileModTime:1159364802
%EndFont

%BeginFont
Handler:DirectoryHandler
FontType:Suitcase
FontName:Futura-CondensedLightOblique
OutlineFileName:\Futura
ResourceID:14830
MacStyle:2
FileLength:221371
FileModTime:1159364802
%EndFont

%BeginFont
Handler:DirectoryHandler
FontType:Suitcase
FontName:Futura-CondensedLightOblique
OutlineFileName:\Futura
ResourceID:14829
MacStyle:0
FileLength:221371
FileModTime:1159364802
%EndFont

%BeginFont
Handler:DirectoryHandler
FontType:Suitcase
FontName:Futura-CondExtraBoldObl
OutlineFileName:\Futura
ResourceID:14823
MacStyle:0
FileLength:221371
FileModTime:1159364802
%EndFont

%BeginFont
Handler:DirectoryHandler
FontType:TrueType
FontName:Futura-Medium
FamilyName:Futura
StyleName:Medium
MenuName:Futura
StyleBits:0
WeightClass:500
WidthClass:5
AngleClass:0
FullName:Futura Medium
WritingScript:Roman
OutlineFileName:\Futura.ttc
TTCOffset:44
DataFormat:sfntData
hasSVG:no
VariableFontType:NonVariableFont
FileLength:486592
FileModTime:1510111969
NameArray:0,Mac,4,Futura Medium
%EndFont

%BeginFont
Handler:DirectoryHandler
FontType:TrueType
FontName:Futura-MediumItalic
FamilyName:Futura
StyleName:Medium Italic
MenuName:Futura
StyleBits:1
WeightClass:500
WidthClass:5
AngleClass:1
FullName:Futura Medium Italic
WritingScript:Roman
OutlineFileName:\Futura.ttc
TTCOffset:328
DataFormat:sfntData
hasSVG:no
VariableFontType:NonVariableFont
FileLength:486592
FileModTime:1510111969
NameArray:0,Mac,4,Futura Medium Italic
%EndFont

%BeginFont
Handler:DirectoryHandler
FontType:TrueType
FontName:Futura-Bold
FamilyName:Futura
StyleName:Bold
MenuName:Futura
StyleBits:2
WeightClass:700
WidthClass:5
AngleClass:0
FullName:Futura Bold
WritingScript:Roman
OutlineFileName:\Futura.ttc
TTCOffset:612
DataFormat:sfntData
hasSVG:no
VariableFontType:NonVariableFont
FileLength:486592
FileModTime:1510111969
NameArray:0,Mac,4,Futura Bold
%EndFont

%BeginFont
Handler:DirectoryHandler
FontType:TrueType
FontName:Futura-CondensedMedium
FamilyName:Futura
StyleName:Condensed Medium
MenuName:Futura
StyleBits:0
WeightClass:500
WidthClass:3
AngleClass:0
FullName:Futura Condensed Medium
WritingScript:Roman
OutlineFileName:\Futura.ttc
TTCOffset:912
DataFormat:sfntData
hasSVG:no
VariableFontType:NonVariableFont
FileLength:486592
FileModTime:1510111969
NameArray:0,Mac,4,Futura Condensed Medium
%EndFont

%BeginFont
Handler:DirectoryHandler
FontType:TrueType
FontName:Futura-CondensedExtraBold
FamilyName:Futura
StyleName:Condensed ExtraBold
MenuName:Futura
StyleBits:2
WeightClass:800
WidthClass:3
AngleClass:0
FullName:Futura Condensed ExtraBold
WritingScript:Roman
OutlineFileName:\Futura.ttc
TTCOffset:1196
DataFormat:sfntData
hasSVG:no
VariableFontType:NonVariableFont
FileLength:486592
FileModTime:1510111969
NameArray:0,Mac,4,Futura Condensed ExtraBold
%EndFont

%BeginFont
Handler:DirectoryHandler
FontType:Type1
FontName:Futura-ExtraBold
FamilyName:Futura
StyleName:Extra Bold
MenuName:Futura ExtraBold
StyleBits:2
WeightClass:800
WidthClass:5
AngleClass:0
FullName:Futura Extra Bold
WritingScript:Roman
OutlineFileName:\FuturExtBol
DataFormat:POSTResource
UsesStandardEncoding:yes
isCFF:no
hasSVG:no
VariableFontType:NonVariableFont
FileLength:28495
FileModTime:1159364802
DesignSize:-1
%EndFont

%BeginFont
Handler:DirectoryHandler
FontType:Type1
FontName:Futura-Light
FamilyName:Futura
StyleName:Light
MenuName:Futura Light
StyleBits:0
WeightClass:300
WidthClass:5
AngleClass:0
FullName:Futura Light
WritingScript:Roman
OutlineFileName:\FuturLig
DataFormat:POSTResource
UsesStandardEncoding:yes
isCFF:no
hasSVG:no
VariableFontType:NonVariableFont
FileLength:26629
FileModTime:1159364802
DesignSize:-1
%EndFont

%BeginFont
Handler:DirectoryHandler
FontType:Type1
FontName:MinionPro-Regular
FamilyName:Minion Pro
StyleName:Regular
MenuName:Minion Pro
StyleBits:0
WeightClass:400
WidthClass:5
AngleClass:0
FullName:Minion Pro
WritingScript:Roman
OutlineFileName:\MinionPro-Regular.otf
DataFormat:sfntData
UsesStandardEncoding:yes
isCFF:yes
hasSVG:no
VariableFontType:NonVariableFont
FileLength:218640
FileModTime:1522188272
DesignSize:110
NameArray:0,Mac,4,Minion Pro
NameArray:0,Win,1,Minion Pro
%EndFont

